  [1m[36m (9.8ms)[0m  [1mCREATE TABLE `schema_migrations` (`version` varchar(255) NOT NULL) ENGINE=InnoDB[0m
  [1m[35m (22.1ms)[0m  CREATE UNIQUE INDEX `unique_schema_migrations`  ON `schema_migrations` (`version`) 
  [1m[36mActiveRecord::SchemaMigration Load (0.3ms)[0m  [1mSELECT `schema_migrations`.* FROM `schema_migrations`[0m
Migrating to DeviseCreateUsers (20110502193943)
  [1m[35m (7.7ms)[0m  CREATE TABLE `users` (`id` int(11) auto_increment PRIMARY KEY, `email` varchar(255) DEFAULT '' NOT NULL, `encrypted_password` varchar(128) DEFAULT '' NOT NULL, `password_salt` varchar(255) DEFAULT '' NOT NULL, `reset_password_token` varchar(255), `remember_token` varchar(255), `remember_created_at` datetime, `sign_in_count` int(11) DEFAULT 0, `current_sign_in_at` datetime, `last_sign_in_at` datetime, `current_sign_in_ip` varchar(255), `last_sign_in_ip` varchar(255), `created_at` datetime, `updated_at` datetime) ENGINE=InnoDB
  [1m[36m (10.7ms)[0m  [1mCREATE UNIQUE INDEX `index_users_on_email`  ON `users` (`email`) [0m
  [1m[35m (11.4ms)[0m  CREATE UNIQUE INDEX `index_users_on_reset_password_token`  ON `users` (`reset_password_token`) 
  [1m[36m (0.1ms)[0m  [1mBEGIN[0m
  [1m[35mSQL (0.8ms)[0m  INSERT INTO `schema_migrations` (`version`) VALUES ('20110502193943')
  [1m[36m (0.2ms)[0m  [1mCOMMIT[0m
Migrating to CreateGenres (20110502215848)
  [1m[35m (7.0ms)[0m  CREATE TABLE `genres` (`id` int(11) auto_increment PRIMARY KEY, `name` varchar(255), `created_at` datetime, `updated_at` datetime) ENGINE=InnoDB
  [1m[36m (0.1ms)[0m  [1mBEGIN[0m
  [1m[35mSQL (0.2ms)[0m  INSERT INTO `schema_migrations` (`version`) VALUES ('20110502215848')
  [1m[36m (0.3ms)[0m  [1mCOMMIT[0m
Migrating to CreateFederations (20110502215925)
  [1m[35m (5.9ms)[0m  CREATE TABLE `federations` (`id` int(11) auto_increment PRIMARY KEY, `name` varchar(255), `ip` varchar(255), `site` varchar(255), `thumbnail_file_name` varchar(255), `thumbnail_content_type` varchar(255), `thumbnail_file_size` int(11), `thumbnail_updated_at` datetime, `created_at` datetime, `updated_at` datetime) ENGINE=InnoDB
  [1m[36m (0.1ms)[0m  [1mBEGIN[0m
  [1m[35mSQL (0.1ms)[0m  INSERT INTO `schema_migrations` (`version`) VALUES ('20110502215925')
  [1m[36m (0.2ms)[0m  [1mCOMMIT[0m
Migrating to CreateArchives (20110502220053)
  [1m[35m (6.0ms)[0m  CREATE TABLE `archives` (`id` int(11) auto_increment PRIMARY KEY, `typ` varchar(255), `parent_id` int(11), `handle` varchar(255), `name` varchar(255), `site_url` varchar(255), `thumbnail` varchar(255), `carousel_include` int(11), `carousel_description` text, `carousel_image_file_name` varchar(255), `carousel_image_content_type` varchar(255), `carousel_image_file_size` int(11), `carousel_image_updated_at` datetime, `created_at` datetime, `updated_at` datetime) ENGINE=InnoDB
  [1m[36m (0.1ms)[0m  [1mBEGIN[0m
  [1m[35mSQL (0.1ms)[0m  INSERT INTO `schema_migrations` (`version`) VALUES ('20110502220053')
  [1m[36m (0.2ms)[0m  [1mCOMMIT[0m
Migrating to AddNewFieldForDevise (20120822222546)
  [1m[35m (19.5ms)[0m  ALTER TABLE `users` ADD `reset_password_sent_at` datetime
  [1m[36m (19.3ms)[0m  [1mALTER TABLE `users` DROP `remember_token`[0m
  [1m[35m (0.1ms)[0m  BEGIN
  [1m[36mSQL (0.1ms)[0m  [1mINSERT INTO `schema_migrations` (`version`) VALUES ('20120822222546')[0m
  [1m[35m (0.2ms)[0m  COMMIT
Migrating to CreateCarousels (20120925184124)
  [1m[36m (7.7ms)[0m  [1mCREATE TABLE `carousels` (`id` int(11) auto_increment PRIMARY KEY, `name` varchar(255), `created_at` datetime, `updated_at` datetime) ENGINE=InnoDB[0m
  [1m[35m (9.7ms)[0m  CREATE TABLE `archives_carousels` (`carousel_id` int(11), `archive_id` int(11)) ENGINE=InnoDB
  [1m[36m (0.2ms)[0m  [1mBEGIN[0m
  [1m[35mSQL (0.2ms)[0m  INSERT INTO `schema_migrations` (`version`) VALUES ('20120925184124')
  [1m[36m (0.3ms)[0m  [1mCOMMIT[0m
Migrating to AddCarouselToFederations (20120925192639)
  [1m[35m (13.4ms)[0m  ALTER TABLE `federations` ADD `carousel_id` int(11)
  [1m[36m (0.1ms)[0m  [1mBEGIN[0m
  [1m[35mSQL (0.1ms)[0m  INSERT INTO `schema_migrations` (`version`) VALUES ('20120925192639')
  [1m[36m (0.3ms)[0m  [1mCOMMIT[0m
Migrating to CreateDisciplines (20130207191253)
  [1m[35m (7.3ms)[0m  CREATE TABLE `disciplines` (`id` int(11) auto_increment PRIMARY KEY, `name` varchar(255), `created_at` datetime, `updated_at` datetime) ENGINE=InnoDB
  [1m[36m (0.1ms)[0m  [1mBEGIN[0m
  [1m[35mSQL (0.1ms)[0m  INSERT INTO `schema_migrations` (`version`) VALUES ('20130207191253')
  [1m[36m (0.2ms)[0m  [1mCOMMIT[0m
Migrating to CreateWhiteLists (20140919190141)
  [1m[35m (6.3ms)[0m  CREATE TABLE `white_lists` (`id` int(11) auto_increment PRIMARY KEY, `ip` varchar(255), `comment` varchar(255), `created_at` datetime, `updated_at` datetime) ENGINE=InnoDB
  [1m[36m (0.2ms)[0m  [1mBEGIN[0m
  [1m[35mSQL (0.8ms)[0m  INSERT INTO `schema_migrations` (`version`) VALUES ('20140919190141')
  [1m[36m (0.2ms)[0m  [1mCOMMIT[0m
  [1m[35mActiveRecord::SchemaMigration Load (0.1ms)[0m  SELECT `schema_migrations`.* FROM `schema_migrations`


Started GET "/" for 127.0.0.1 at 2017-04-16 09:58:50 -0700
  [1m[36mActiveRecord::SchemaMigration Load (0.2ms)[0m  [1mSELECT `schema_migrations`.* FROM `schema_migrations`[0m
Processing by HomeController#index as HTML
  Rendered home/_tabs.html.erb (14.6ms)
  Rendered home/index.html.erb within layouts/application (18.4ms)
Completed 200 OK in 212ms (Views: 159.2ms | ActiveRecord: 0.0ms)


Started POST "/" for 127.0.0.1 at 2017-04-16 09:58:57 -0700
Processing by HomeController#index as */*
  Parameters: {"tab"=>"totals", "authenticity_token"=>"Z8D0Z1jF0Y2/PhkIsNn7AlFNWoT7F9Jqs898UB4zLYE="}
  Rendered home/_tabs.html.erb (4.0ms)
Completed 200 OK in 51ms (Views: 7.8ms | ActiveRecord: 0.0ms)


Started POST "/" for 127.0.0.1 at 2017-04-16 09:58:59 -0700
Processing by HomeController#index as */*
  Parameters: {"tab"=>"search", "authenticity_token"=>"Z8D0Z1jF0Y2/PhkIsNn7AlFNWoT7F9Jqs898UB4zLYE="}
  Rendered home/_params.html.erb (2.4ms)
  Rendered home/_tabs.html.erb (7.1ms)
Completed 200 OK in 51ms (Views: 9.6ms | ActiveRecord: 0.0ms)


Started POST "/" for 127.0.0.1 at 2017-04-16 09:59:01 -0700
Processing by HomeController#index as */*
  Parameters: {"tab"=>"autocomplete", "authenticity_token"=>"Z8D0Z1jF0Y2/PhkIsNn7AlFNWoT7F9Jqs898UB4zLYE="}
  Rendered home/_params.html.erb (1.7ms)
  Rendered home/_tabs.html.erb (6.2ms)
Completed 200 OK in 52ms (Views: 9.6ms | ActiveRecord: 0.0ms)


Started POST "/" for 127.0.0.1 at 2017-04-16 09:59:02 -0700
Processing by HomeController#index as */*
  Parameters: {"tab"=>"names", "authenticity_token"=>"Z8D0Z1jF0Y2/PhkIsNn7AlFNWoT7F9Jqs898UB4zLYE="}
  Rendered home/_params.html.erb (1.4ms)
  Rendered home/_tabs.html.erb (4.6ms)
Completed 200 OK in 50ms (Views: 7.2ms | ActiveRecord: 0.0ms)


Started POST "/" for 127.0.0.1 at 2017-04-16 09:59:03 -0700
Processing by HomeController#index as */*
  Parameters: {"tab"=>"uri", "authenticity_token"=>"Z8D0Z1jF0Y2/PhkIsNn7AlFNWoT7F9Jqs898UB4zLYE="}
  Rendered home/_params.html.erb (0.1ms)
  Rendered home/_tabs.html.erb (3.4ms)
Completed 200 OK in 48ms (Views: 5.7ms | ActiveRecord: 0.0ms)


Started POST "/" for 127.0.0.1 at 2017-04-16 09:59:04 -0700
Processing by HomeController#index as */*
  Parameters: {"tab"=>"meta", "authenticity_token"=>"Z8D0Z1jF0Y2/PhkIsNn7AlFNWoT7F9Jqs898UB4zLYE="}
  Rendered home/_tabs.html.erb (1.5ms)
Completed 200 OK in 46ms (Views: 3.8ms | ActiveRecord: 0.0ms)


Started GET "/admin" for 127.0.0.1 at 2017-04-16 09:59:22 -0700

ActionController::RoutingError (No route matches [GET] "/admin"):
  config/initializers/quiet_assets.rb:6:in `call_with_quiet_assets'


  Rendered /Users/cstahmer/.rvm/gems/ruby-2.1.1@catalog21/gems/actionpack-4.1.5/lib/action_dispatch/middleware/templates/rescues/_trace.html.erb (1.0ms)
  Rendered /Users/cstahmer/.rvm/gems/ruby-2.1.1@catalog21/gems/actionpack-4.1.5/lib/action_dispatch/middleware/templates/routes/_route.html.erb (9.2ms)
  Rendered /Users/cstahmer/.rvm/gems/ruby-2.1.1@catalog21/gems/actionpack-4.1.5/lib/action_dispatch/middleware/templates/routes/_table.html.erb (5.6ms)
  Rendered /Users/cstahmer/.rvm/gems/ruby-2.1.1@catalog21/gems/actionpack-4.1.5/lib/action_dispatch/middleware/templates/rescues/routing_error.html.erb within rescues/layout (62.3ms)


Started GET "/" for 127.0.0.1 at 2017-04-16 09:59:28 -0700
Processing by HomeController#index as HTML
  Rendered home/_tabs.html.erb (1.7ms)
  Rendered home/index.html.erb within layouts/application (2.3ms)
Completed 200 OK in 118ms (Views: 79.1ms | ActiveRecord: 0.0ms)


Started GET "/users/sign_in" for 127.0.0.1 at 2017-04-16 09:59:54 -0700
Processing by Devise::SessionsController#new as HTML
  Rendered devise/shared/_links.erb (1.6ms)
  Rendered devise/sessions/new.html.erb within layouts/application (25.5ms)
Completed 200 OK in 119ms (Views: 101.8ms | ActiveRecord: 2.8ms)
  [1m[36m (0.1ms)[0m  [1mBEGIN[0m
  [1m[35mUser Exists (0.9ms)[0m  SELECT  1 AS one FROM `users`  WHERE `users`.`email` = BINARY 'admin' LIMIT 1
  [1m[36m (0.2ms)[0m  [1mROLLBACK[0m
  [1m[36m (0.2ms)[0m  [1mBEGIN[0m
  [1m[35mUser Exists (0.3ms)[0m  SELECT  1 AS one FROM `users`  WHERE `users`.`email` = BINARY 'admin@example.com' LIMIT 1
  [1m[36mSQL (0.2ms)[0m  [1mINSERT INTO `users` (`created_at`, `email`, `encrypted_password`, `updated_at`) VALUES ('2017-04-16 17:04:46', 'admin@example.com', '$2a$10$2D48QlfHfv4z.HoQP/K5re07.GCd10eoKVfpVO.OOJ6CqdfAp0T76', '2017-04-16 17:04:46')[0m
  [1m[35m (0.3ms)[0m  COMMIT


Started POST "/users/sign_in" for 127.0.0.1 at 2017-04-16 10:05:08 -0700
  [1m[36mActiveRecord::SchemaMigration Load (0.2ms)[0m  [1mSELECT `schema_migrations`.* FROM `schema_migrations`[0m
Processing by Devise::SessionsController#create as HTML
  Parameters: {"utf8"=>"✓", "authenticity_token"=>"Z8D0Z1jF0Y2/PhkIsNn7AlFNWoT7F9Jqs898UB4zLYE=", "user"=>{"email"=>"admin@example.com", "password"=>"[FILTERED]", "remember_me"=>"0"}, "commit"=>"Sign in"}
  [1m[35mUser Load (0.3ms)[0m  SELECT  `users`.* FROM `users`  WHERE `users`.`email` = 'admin@example.com'  ORDER BY `users`.`id` ASC LIMIT 1
Completed 401 Unauthorized in 115ms
Processing by Devise::SessionsController#new as HTML
  Parameters: {"utf8"=>"✓", "authenticity_token"=>"Z8D0Z1jF0Y2/PhkIsNn7AlFNWoT7F9Jqs898UB4zLYE=", "user"=>{"email"=>"admin@example.com", "password"=>"[FILTERED]", "remember_me"=>"0"}, "commit"=>"Sign in"}
  Rendered devise/shared/_links.erb (1.1ms)
  Rendered devise/sessions/new.html.erb within layouts/application (15.6ms)
Completed 200 OK in 189ms (Views: 124.3ms | ActiveRecord: 0.0ms)
  [1m[36m (0.1ms)[0m  [1mBEGIN[0m
  [1m[35mUser Exists (0.3ms)[0m  SELECT  1 AS one FROM `users`  WHERE `users`.`email` = BINARY 'admin@example.com' LIMIT 1
  [1m[36m (0.1ms)[0m  [1mROLLBACK[0m
  [1m[36m (0.1ms)[0m  [1mBEGIN[0m
  [1m[35mUser Exists (0.4ms)[0m  SELECT  1 AS one FROM `users`  WHERE `users`.`email` = BINARY 'admin1@example.com' LIMIT 1
  [1m[36mSQL (0.3ms)[0m  [1mINSERT INTO `users` (`created_at`, `email`, `encrypted_password`, `updated_at`) VALUES ('2017-04-16 17:09:01', 'admin1@example.com', '$2a$10$18eWNI/sX4xc9YHHb7pJNuuUkrFqDZCMJElTPTVYQKeGHIS8FaVYu', '2017-04-16 17:09:01')[0m
  [1m[35m (0.3ms)[0m  COMMIT
  [1m[36m (0.2ms)[0m  [1mBEGIN[0m
  [1m[35mUser Exists (0.3ms)[0m  SELECT  1 AS one FROM `users`  WHERE `users`.`email` = BINARY 'admin2@example.com' LIMIT 1
  [1m[36mSQL (0.2ms)[0m  [1mINSERT INTO `users` (`created_at`, `email`, `encrypted_password`, `updated_at`) VALUES ('2017-04-16 17:09:48', 'admin2@example.com', '$2a$10$5KZue4EAwPCwwd796Nas/.XExT8YAnNm.xUduteITV6XcDLj2hARG', '2017-04-16 17:09:48')[0m
  [1m[35m (0.3ms)[0m  COMMIT


Started GET "/users/sign_in" for 127.0.0.1 at 2017-04-16 10:10:32 -0700
  [1m[36mActiveRecord::SchemaMigration Load (0.2ms)[0m  [1mSELECT `schema_migrations`.* FROM `schema_migrations`[0m
Processing by Devise::SessionsController#new as HTML
  Rendered devise/shared/_links.erb (1.3ms)
  Rendered devise/sessions/new.html.erb within layouts/application (32.1ms)
Completed 200 OK in 174ms (Views: 148.1ms | ActiveRecord: 1.6ms)


Started POST "/users/sign_in" for 127.0.0.1 at 2017-04-16 10:10:41 -0700
Processing by Devise::SessionsController#create as HTML
  Parameters: {"utf8"=>"✓", "authenticity_token"=>"Z8D0Z1jF0Y2/PhkIsNn7AlFNWoT7F9Jqs898UB4zLYE=", "user"=>{"email"=>"admin1@example.com", "password"=>"[FILTERED]", "remember_me"=>"0"}, "commit"=>"Sign in"}
  [1m[35mUser Load (0.3ms)[0m  SELECT  `users`.* FROM `users`  WHERE `users`.`email` = 'admin1@example.com'  ORDER BY `users`.`id` ASC LIMIT 1
Completed 401 Unauthorized in 70ms
Processing by Devise::SessionsController#new as HTML
  Parameters: {"utf8"=>"✓", "authenticity_token"=>"Z8D0Z1jF0Y2/PhkIsNn7AlFNWoT7F9Jqs898UB4zLYE=", "user"=>{"email"=>"admin1@example.com", "password"=>"[FILTERED]", "remember_me"=>"0"}, "commit"=>"Sign in"}
  Rendered devise/shared/_links.erb (0.3ms)
  Rendered devise/sessions/new.html.erb within layouts/application (3.2ms)
Completed 200 OK in 179ms (Views: 110.3ms | ActiveRecord: 0.0ms)


Started GET "/users/password/new" for 127.0.0.1 at 2017-04-16 10:10:46 -0700
Processing by Devise::PasswordsController#new as HTML
  Rendered devise/shared/_links.erb (0.4ms)
  Rendered devise/passwords/new.html.erb within layouts/application (2.9ms)
Completed 200 OK in 77ms (Views: 75.1ms | ActiveRecord: 0.0ms)


Started POST "/users/password" for 127.0.0.1 at 2017-04-16 10:10:59 -0700
Processing by Devise::PasswordsController#create as HTML
  Parameters: {"utf8"=>"✓", "authenticity_token"=>"Z8D0Z1jF0Y2/PhkIsNn7AlFNWoT7F9Jqs898UB4zLYE=", "user"=>{"email"=>"admin2@example.com"}, "commit"=>"Send me reset password instructions"}
  [1m[36mUser Load (0.3ms)[0m  [1mSELECT  `users`.* FROM `users`  WHERE `users`.`email` = 'admin2@example.com'  ORDER BY `users`.`id` ASC LIMIT 1[0m
  [1m[35mUser Load (0.4ms)[0m  SELECT  `users`.* FROM `users`  WHERE `users`.`reset_password_token` = 'f55c30f8cd51d1737ca5ae0b7d9b942301ff3346a38540a2b4246e250aae66f5'  ORDER BY `users`.`id` ASC LIMIT 1
  [1m[36m (0.1ms)[0m  [1mBEGIN[0m
  [1m[35mSQL (1.2ms)[0m  UPDATE `users` SET `reset_password_sent_at` = '2017-04-16 17:10:59', `reset_password_token` = 'f55c30f8cd51d1737ca5ae0b7d9b942301ff3346a38540a2b4246e250aae66f5', `updated_at` = '2017-04-16 17:10:59' WHERE `users`.`id` = 3
  [1m[36m (0.3ms)[0m  [1mCOMMIT[0m
  Rendered devise/mailer/reset_password_instructions.html.erb (1.0ms)

Devise::Mailer#reset_password_instructions: processed outbound mail in 20.7ms

Sent mail to admin2@example.com (165.3ms)
Date: Sun, 16 Apr 2017 10:10:59 -0700
From: Arc Catalog <info@nines.org>
Reply-To: Arc Catalog <info@nines.org>
To: admin2@example.com
Message-ID: <58f3a5a3e6388_1400d850a8ba838986@Carls-UCD-MacBook-Pro.local.mail>
Subject: Reset password instructions
Mime-Version: 1.0
Content-Type: text/html;
 charset=UTF-8
Content-Transfer-Encoding: 7bit
X-SMTPAPI: {"category": "catalog"}

<p>Hello admin2@example.com!</p>

<p>Someone has requested a link to change your password. You can do this through the link below.</p>

<p><a href="http://example.com/users/password/edit?reset_password_token=6tMPm-VfCtUuHXJs3PXc">Change my password</a></p>

<p>If you didn't request this, please ignore this email.</p>
<p>Your password won't change until you access the link above and create a new one.</p>

Redirected to http://localhost:3001/users/sign_in
Completed 302 Found in 372ms (ActiveRecord: 2.3ms)


Started GET "/users/sign_in" for 127.0.0.1 at 2017-04-16 10:11:00 -0700
Processing by Devise::SessionsController#new as HTML
  Rendered devise/shared/_links.erb (0.4ms)
  Rendered devise/sessions/new.html.erb within layouts/application (3.6ms)
Completed 200 OK in 79ms (Views: 77.6ms | ActiveRecord: 0.0ms)


Started GET "/users/password/edit?reset_password_token=[FILTERED]" for 127.0.0.1 at 2017-04-16 10:11:52 -0700
Processing by Devise::PasswordsController#edit as HTML
  Parameters: {"reset_password_token"=>"[FILTERED]"}
  Rendered devise/shared/_links.erb (0.4ms)
  Rendered devise/passwords/edit.html.erb within layouts/application (4.8ms)
Completed 200 OK in 79ms (Views: 78.0ms | ActiveRecord: 0.0ms)


Started PUT "/users/password" for 127.0.0.1 at 2017-04-16 10:12:02 -0700
Processing by Devise::PasswordsController#update as HTML
  Parameters: {"utf8"=>"✓", "authenticity_token"=>"Z8D0Z1jF0Y2/PhkIsNn7AlFNWoT7F9Jqs898UB4zLYE=", "user"=>{"reset_password_token"=>"[FILTERED]", "password"=>"[FILTERED]", "password_confirmation"=>"[FILTERED]"}, "commit"=>"Change my password"}
  [1m[35mUser Load (0.3ms)[0m  SELECT  `users`.* FROM `users`  WHERE `users`.`reset_password_token` = 'f55c30f8cd51d1737ca5ae0b7d9b942301ff3346a38540a2b4246e250aae66f5'  ORDER BY `users`.`id` ASC LIMIT 1
  [1m[36m (0.2ms)[0m  [1mBEGIN[0m
  [1m[35mSQL (0.3ms)[0m  UPDATE `users` SET `encrypted_password` = '$2a$10$vhMSGH098bKep8572g7XfuR448/1h5CyhYKk00HvWbIGpmycOPUnC', `reset_password_sent_at` = NULL, `reset_password_token` = NULL, `updated_at` = '2017-04-16 17:12:02' WHERE `users`.`id` = 3
  [1m[36m (0.7ms)[0m  [1mCOMMIT[0m
  [1m[35m (0.1ms)[0m  BEGIN
  [1m[36mSQL (0.2ms)[0m  [1mUPDATE `users` SET `current_sign_in_at` = '2017-04-16 17:12:02', `current_sign_in_ip` = '127.0.0.1', `last_sign_in_at` = '2017-04-16 17:12:02', `last_sign_in_ip` = '127.0.0.1', `reset_password_token` = '6tMPm-VfCtUuHXJs3PXc', `sign_in_count` = 1, `updated_at` = '2017-04-16 17:12:02' WHERE `users`.`id` = 3[0m
  [1m[35m (0.4ms)[0m  COMMIT
Redirected to http://localhost:3001/
Completed 302 Found in 81ms (ActiveRecord: 2.2ms)


Started GET "/" for 127.0.0.1 at 2017-04-16 10:12:02 -0700
Processing by HomeController#index as HTML
  [1m[36mUser Load (0.3ms)[0m  [1mSELECT  `users`.* FROM `users`  WHERE `users`.`id` = 3  ORDER BY `users`.`id` ASC LIMIT 1[0m
  Rendered home/_tabs.html.erb (6.7ms)
  Rendered home/index.html.erb within layouts/application (8.4ms)
Completed 200 OK in 131ms (Views: 85.0ms | ActiveRecord: 0.3ms)


Started GET "/genres" for 127.0.0.1 at 2017-04-16 10:12:18 -0700
Processing by GenresController#index as HTML
  [1m[35mUser Load (0.3ms)[0m  SELECT  `users`.* FROM `users`  WHERE `users`.`id` = 3  ORDER BY `users`.`id` ASC LIMIT 1
  [1m[36mGenre Load (0.1ms)[0m  [1mSELECT `genres`.* FROM `genres`[0m
  Rendered genres/index.html.erb within layouts/application (3.5ms)
Completed 200 OK in 76ms (Views: 73.9ms | ActiveRecord: 0.4ms)


Started GET "/" for 127.0.0.1 at 2017-04-16 10:12:21 -0700
Processing by HomeController#index as HTML
  [1m[35mUser Load (0.3ms)[0m  SELECT  `users`.* FROM `users`  WHERE `users`.`id` = 3  ORDER BY `users`.`id` ASC LIMIT 1
  Rendered home/_tabs.html.erb (3.1ms)
  Rendered home/index.html.erb within layouts/application (3.6ms)
Completed 200 OK in 113ms (Views: 74.3ms | ActiveRecord: 0.3ms)


Started GET "/" for 127.0.0.1 at 2017-04-16 14:11:22 -0700
  [1m[36mActiveRecord::SchemaMigration Load (0.4ms)[0m  [1mSELECT `schema_migrations`.* FROM `schema_migrations`[0m
Processing by HomeController#index as HTML
  [1m[35mUser Load (0.5ms)[0m  SELECT  `users`.* FROM `users`  WHERE `users`.`id` = 3  ORDER BY `users`.`id` ASC LIMIT 1
  Rendered home/_tabs.html.erb (43.2ms)
  Rendered home/index.html.erb within layouts/application (49.4ms)
Completed 200 OK in 369ms (Views: 321.2ms | ActiveRecord: 2.5ms)


Started GET "/admin" for 127.0.0.1 at 2017-04-16 14:11:41 -0700

ActionController::RoutingError (No route matches [GET] "/admin"):
  config/initializers/quiet_assets.rb:6:in `call_with_quiet_assets'


  Rendered /Users/cstahmer/.rvm/gems/ruby-2.1.1@catalog21/gems/actionpack-4.1.5/lib/action_dispatch/middleware/templates/rescues/_trace.html.erb (2.5ms)
  Rendered /Users/cstahmer/.rvm/gems/ruby-2.1.1@catalog21/gems/actionpack-4.1.5/lib/action_dispatch/middleware/templates/routes/_route.html.erb (26.7ms)
  Rendered /Users/cstahmer/.rvm/gems/ruby-2.1.1@catalog21/gems/actionpack-4.1.5/lib/action_dispatch/middleware/templates/routes/_table.html.erb (10.2ms)
  Rendered /Users/cstahmer/.rvm/gems/ruby-2.1.1@catalog21/gems/actionpack-4.1.5/lib/action_dispatch/middleware/templates/rescues/routing_error.html.erb within rescues/layout (165.4ms)


Started GET "/login" for 127.0.0.1 at 2017-04-16 14:11:45 -0700

ActionController::RoutingError (No route matches [GET] "/login"):
  config/initializers/quiet_assets.rb:6:in `call_with_quiet_assets'


  Rendered /Users/cstahmer/.rvm/gems/ruby-2.1.1@catalog21/gems/actionpack-4.1.5/lib/action_dispatch/middleware/templates/rescues/_trace.html.erb (1.8ms)
  Rendered /Users/cstahmer/.rvm/gems/ruby-2.1.1@catalog21/gems/actionpack-4.1.5/lib/action_dispatch/middleware/templates/routes/_route.html.erb (23.7ms)
  Rendered /Users/cstahmer/.rvm/gems/ruby-2.1.1@catalog21/gems/actionpack-4.1.5/lib/action_dispatch/middleware/templates/routes/_table.html.erb (1.9ms)
  Rendered /Users/cstahmer/.rvm/gems/ruby-2.1.1@catalog21/gems/actionpack-4.1.5/lib/action_dispatch/middleware/templates/rescues/routing_error.html.erb within rescues/layout (137.1ms)


Started GET "/genres" for 127.0.0.1 at 2017-04-16 14:11:56 -0700
Processing by GenresController#index as HTML
  [1m[36mUser Load (0.4ms)[0m  [1mSELECT  `users`.* FROM `users`  WHERE `users`.`id` = 3  ORDER BY `users`.`id` ASC LIMIT 1[0m
  [1m[35mGenre Load (0.3ms)[0m  SELECT `genres`.* FROM `genres`
  Rendered genres/index.html.erb within layouts/application (6.9ms)
Completed 200 OK in 151ms (Views: 147.9ms | ActiveRecord: 0.6ms)


Started GET "/genres/new" for 127.0.0.1 at 2017-04-16 14:12:01 -0700
Processing by GenresController#new as HTML
  [1m[36mUser Load (0.3ms)[0m  [1mSELECT  `users`.* FROM `users`  WHERE `users`.`id` = 3  ORDER BY `users`.`id` ASC LIMIT 1[0m
  Rendered genres/_form.html.erb (55.0ms)
  Rendered genres/new.html.erb within layouts/application (57.2ms)
Completed 200 OK in 216ms (Views: 209.1ms | ActiveRecord: 1.8ms)


Started GET "/" for 127.0.0.1 at 2017-04-16 14:12:17 -0700
Processing by HomeController#index as HTML
  [1m[35mUser Load (0.4ms)[0m  SELECT  `users`.* FROM `users`  WHERE `users`.`id` = 3  ORDER BY `users`.`id` ASC LIMIT 1
  Rendered home/_tabs.html.erb (9.1ms)
  Rendered home/index.html.erb within layouts/application (10.5ms)
Completed 200 OK in 190ms (Views: 148.3ms | ActiveRecord: 0.4ms)


Started GET "/archives" for 127.0.0.1 at 2017-04-16 14:12:21 -0700
Processing by ArchivesController#index as HTML
  [1m[36mArchive Load (0.3ms)[0m  [1mSELECT `archives`.* FROM `archives`  WHERE `archives`.`typ` = 'node'[0m
  [1m[35mArchive Load (0.2ms)[0m  SELECT `archives`.* FROM `archives`  WHERE `archives`.`typ` = 'archive'
Completed 500 Internal Server Error in 45ms

SolrException (RSolr::Error::Http - 404 Not Found
Error:     Not Found

URI: http://localhost:8983/solr/resources/select?wt=ruby
Request Headers: {"Content-Type"=>"application/x-www-form-urlencoded; charset=UTF-8"}
Request Data: "q=*%3A*&rows=1&facet=true&facet.field=archive&facet.mincount=1&facet.limit=-1&facet.missing=true&version=2.2&defType=edismax"

Backtrace: /Users/cstahmer/.rvm/gems/ruby-2.1.1@catalog21/gems/rsolr-1.0.12/lib/rsolr/client.rb:284:in `adapt_response'
/Users/cstahmer/.rvm/gems/ruby-2.1.1@catalog21/gems/rsolr-1.0.12/lib/rsolr/client.rb:190:in `execute'
/Users/cstahmer/.rvm/gems/ruby-2.1.1@catalog21/gems/rsolr-1.0.12/lib/rsolr/client.rb:176:in `send_and_receive'
(eval):2:in `post'
/RAILS-ROOT/estc21/catalog21/app/models/solr.rb:98:in `select'
/RAILS-ROOT/estc21/catalog21/app/models/solr.rb:151:in `get_facet_list'
/RAILS-ROOT/estc21/catalog21/app/models/solr.rb:170:in `get_archive_list'
/RAILS-ROOT/estc21/catalog21/app/models/archive.rb:50:in `compare_to_solr'
/RAILS-ROOT/estc21/catalog21/app/controllers/archives_controller.rb:13:in `facets'
/RAILS-ROOT/estc21/catalog21/app/controllers/archives_controller.rb:48:in `block (2 levels) in index'
/Users/cstahmer/.rvm/gems/ruby-2.1.1@catalog21/gems/actionpack-4.1.5/lib/action_controller/metal/mime_responds.rb:258:in `call'):
  app/models/solr.rb:102:in `rescue in select'
  app/models/solr.rb:92:in `select'
  app/models/solr.rb:151:in `get_facet_list'
  app/models/solr.rb:170:in `get_archive_list'
  app/models/archive.rb:50:in `compare_to_solr'
  app/controllers/archives_controller.rb:13:in `facets'
  app/controllers/archives_controller.rb:48:in `block (2 levels) in index'
  app/controllers/archives_controller.rb:46:in `index'
  config/initializers/quiet_assets.rb:6:in `call_with_quiet_assets'


  Rendered /Users/cstahmer/.rvm/gems/ruby-2.1.1@catalog21/gems/actionpack-4.1.5/lib/action_dispatch/middleware/templates/rescues/_source.erb (1.4ms)
  Rendered /Users/cstahmer/.rvm/gems/ruby-2.1.1@catalog21/gems/actionpack-4.1.5/lib/action_dispatch/middleware/templates/rescues/_trace.html.erb (2.3ms)
  Rendered /Users/cstahmer/.rvm/gems/ruby-2.1.1@catalog21/gems/actionpack-4.1.5/lib/action_dispatch/middleware/templates/rescues/_request_and_response.html.erb (1.6ms)
  Rendered /Users/cstahmer/.rvm/gems/ruby-2.1.1@catalog21/gems/actionpack-4.1.5/lib/action_dispatch/middleware/templates/rescues/diagnostics.erb within rescues/layout (20.0ms)


Started GET "/" for 127.0.0.1 at 2017-04-19 13:35:50 -0700
  [1m[36mActiveRecord::SchemaMigration Load (0.3ms)[0m  [1mSELECT `schema_migrations`.* FROM `schema_migrations`[0m
Processing by HomeController#index as HTML
  Rendered home/_tabs.html.erb (18.2ms)
  Rendered home/index.html.erb within layouts/application (23.2ms)
Completed 200 OK in 325ms (Views: 275.8ms | ActiveRecord: 0.0ms)


Started POST "/" for 127.0.0.1 at 2017-04-19 13:35:56 -0700
Processing by HomeController#index as */*
  Parameters: {"tab"=>"uri", "authenticity_token"=>"uCkdHUY9ilNZcJ4yEqUtrqFbrMSptrVXpyEnjjbuaUk="}
  Rendered home/_params.html.erb (0.9ms)
  Rendered home/_tabs.html.erb (10.5ms)
Completed 200 OK in 54ms (Views: 14.2ms | ActiveRecord: 0.0ms)


Started GET "/" for 127.0.0.1 at 2017-04-25 06:24:15 -0700
  [1m[36mActiveRecord::SchemaMigration Load (0.3ms)[0m  [1mSELECT `schema_migrations`.* FROM `schema_migrations`[0m
Processing by HomeController#index as HTML
  Rendered home/_tabs.html.erb (15.4ms)
  Rendered home/index.html.erb within layouts/application (21.0ms)
Completed 200 OK in 216ms (Views: 166.9ms | ActiveRecord: 0.0ms)


Started GET "/users/sign_in" for 127.0.0.1 at 2017-04-25 06:24:23 -0700
Processing by Devise::SessionsController#new as HTML
  Rendered devise/shared/_links.erb (1.6ms)
  Rendered devise/sessions/new.html.erb within layouts/application (37.6ms)
Completed 200 OK in 110ms (Views: 96.5ms | ActiveRecord: 1.8ms)


Started POST "/users/sign_in" for 127.0.0.1 at 2017-04-25 06:24:25 -0700
Processing by Devise::SessionsController#create as HTML
  Parameters: {"utf8"=>"✓", "authenticity_token"=>"pqXrWfGM84O6yHMhnJaNdCXfUKs+UO+LWyLFHbCgvl8=", "user"=>{"email"=>"cstahmer@gmail.com", "password"=>"[FILTERED]", "remember_me"=>"0"}, "commit"=>"Sign in"}
  [1m[35mUser Load (1.2ms)[0m  SELECT  `users`.* FROM `users`  WHERE `users`.`email` = 'cstahmer@gmail.com'  ORDER BY `users`.`id` ASC LIMIT 1
Completed 401 Unauthorized in 8ms
Processing by Devise::SessionsController#new as HTML
  Parameters: {"utf8"=>"✓", "authenticity_token"=>"pqXrWfGM84O6yHMhnJaNdCXfUKs+UO+LWyLFHbCgvl8=", "user"=>{"email"=>"cstahmer@gmail.com", "password"=>"[FILTERED]", "remember_me"=>"0"}, "commit"=>"Sign in"}
  Rendered devise/shared/_links.erb (0.6ms)
  Rendered devise/sessions/new.html.erb within layouts/application (4.1ms)
Completed 200 OK in 130ms (Views: 62.7ms | ActiveRecord: 0.0ms)


Started POST "/users/sign_in" for 127.0.0.1 at 2017-04-25 06:24:28 -0700
Processing by Devise::SessionsController#create as HTML
  Parameters: {"utf8"=>"✓", "authenticity_token"=>"pqXrWfGM84O6yHMhnJaNdCXfUKs+UO+LWyLFHbCgvl8=", "user"=>{"email"=>"cstahmer@gmail.com", "password"=>"[FILTERED]", "remember_me"=>"0"}, "commit"=>"Sign in"}
  [1m[36mUser Load (0.2ms)[0m  [1mSELECT  `users`.* FROM `users`  WHERE `users`.`email` = 'cstahmer@gmail.com'  ORDER BY `users`.`id` ASC LIMIT 1[0m
Completed 401 Unauthorized in 2ms
Processing by Devise::SessionsController#new as HTML
  Parameters: {"utf8"=>"✓", "authenticity_token"=>"pqXrWfGM84O6yHMhnJaNdCXfUKs+UO+LWyLFHbCgvl8=", "user"=>{"email"=>"cstahmer@gmail.com", "password"=>"[FILTERED]", "remember_me"=>"0"}, "commit"=>"Sign in"}
  Rendered devise/shared/_links.erb (0.3ms)
  Rendered devise/sessions/new.html.erb within layouts/application (3.5ms)
Completed 200 OK in 144ms (Views: 74.5ms | ActiveRecord: 0.0ms)


Started POST "/users/sign_in" for 127.0.0.1 at 2017-04-25 06:24:31 -0700
Processing by Devise::SessionsController#create as HTML
  Parameters: {"utf8"=>"✓", "authenticity_token"=>"pqXrWfGM84O6yHMhnJaNdCXfUKs+UO+LWyLFHbCgvl8=", "user"=>{"email"=>"cstahmer@gmail.com", "password"=>"[FILTERED]", "remember_me"=>"0"}, "commit"=>"Sign in"}
  [1m[35mUser Load (0.2ms)[0m  SELECT  `users`.* FROM `users`  WHERE `users`.`email` = 'cstahmer@gmail.com'  ORDER BY `users`.`id` ASC LIMIT 1
Completed 401 Unauthorized in 2ms
Processing by Devise::SessionsController#new as HTML
  Parameters: {"utf8"=>"✓", "authenticity_token"=>"pqXrWfGM84O6yHMhnJaNdCXfUKs+UO+LWyLFHbCgvl8=", "user"=>{"email"=>"cstahmer@gmail.com", "password"=>"[FILTERED]", "remember_me"=>"0"}, "commit"=>"Sign in"}
  Rendered devise/shared/_links.erb (0.4ms)
  Rendered devise/sessions/new.html.erb within layouts/application (3.5ms)
Completed 200 OK in 153ms (Views: 83.7ms | ActiveRecord: 0.0ms)


Started GET "/" for 127.0.0.1 at 2017-04-25 06:43:36 -0700
  [1m[36mActiveRecord::SchemaMigration Load (0.2ms)[0m  [1mSELECT `schema_migrations`.* FROM `schema_migrations`[0m
Processing by HomeController#index as HTML
  Rendered home/_tabs.html.erb (11.8ms)
  Rendered home/index.html.erb within layouts/application (14.6ms)
Completed 200 OK in 169ms (Views: 127.9ms | ActiveRecord: 0.0ms)
  [1m[36m (0.1ms)[0m  [1mBEGIN[0m
  [1m[35mUser Exists (1.3ms)[0m  SELECT  1 AS one FROM `users`  WHERE `users`.`email` = BINARY 'cstahmer@ucdavis.edu' LIMIT 1
  [1m[36mSQL (1.4ms)[0m  [1mINSERT INTO `users` (`created_at`, `email`, `encrypted_password`, `updated_at`) VALUES ('2017-04-25 14:09:54', 'cstahmer@ucdavis.edu', '$2a$10$T/Nvkf1JT0y.WojIZwGSgueXoCNMrKGFgyqEZIcZ35g.abfPuYeK.', '2017-04-25 14:09:54')[0m
  [1m[35m (0.4ms)[0m  COMMIT


Started GET "/users/sign_in" for 127.0.0.1 at 2017-04-25 07:10:05 -0700
Processing by Devise::SessionsController#new as HTML
  Rendered devise/shared/_links.erb (1.2ms)
  Rendered devise/sessions/new.html.erb within layouts/application (37.4ms)
Completed 200 OK in 147ms (Views: 135.1ms | ActiveRecord: 1.8ms)


Started POST "/users/sign_in" for 127.0.0.1 at 2017-04-25 07:10:11 -0700
Processing by Devise::SessionsController#create as HTML
  Parameters: {"utf8"=>"✓", "authenticity_token"=>"pqXrWfGM84O6yHMhnJaNdCXfUKs+UO+LWyLFHbCgvl8=", "user"=>{"email"=>"cstahmer@gmail.com", "password"=>"[FILTERED]", "remember_me"=>"1"}, "commit"=>"Sign in"}
  [1m[35mUser Load (0.3ms)[0m  SELECT  `users`.* FROM `users`  WHERE `users`.`email` = 'cstahmer@gmail.com'  ORDER BY `users`.`id` ASC LIMIT 1
Completed 401 Unauthorized in 7ms
Processing by Devise::SessionsController#new as HTML
  Parameters: {"utf8"=>"✓", "authenticity_token"=>"pqXrWfGM84O6yHMhnJaNdCXfUKs+UO+LWyLFHbCgvl8=", "user"=>{"email"=>"cstahmer@gmail.com", "password"=>"[FILTERED]", "remember_me"=>"1"}, "commit"=>"Sign in"}
  Rendered devise/shared/_links.erb (0.3ms)
  Rendered devise/sessions/new.html.erb within layouts/application (3.4ms)
Completed 200 OK in 144ms (Views: 74.5ms | ActiveRecord: 0.0ms)


Started POST "/users/sign_in" for 127.0.0.1 at 2017-04-25 07:10:13 -0700
Processing by Devise::SessionsController#create as HTML
  Parameters: {"utf8"=>"✓", "authenticity_token"=>"pqXrWfGM84O6yHMhnJaNdCXfUKs+UO+LWyLFHbCgvl8=", "user"=>{"email"=>"cstahmer@gmail.com", "password"=>"[FILTERED]", "remember_me"=>"1"}, "commit"=>"Sign in"}
  [1m[36mUser Load (0.3ms)[0m  [1mSELECT  `users`.* FROM `users`  WHERE `users`.`email` = 'cstahmer@gmail.com'  ORDER BY `users`.`id` ASC LIMIT 1[0m
Completed 401 Unauthorized in 2ms
Processing by Devise::SessionsController#new as HTML
  Parameters: {"utf8"=>"✓", "authenticity_token"=>"pqXrWfGM84O6yHMhnJaNdCXfUKs+UO+LWyLFHbCgvl8=", "user"=>{"email"=>"cstahmer@gmail.com", "password"=>"[FILTERED]", "remember_me"=>"1"}, "commit"=>"Sign in"}
  Rendered devise/shared/_links.erb (0.4ms)
  Rendered devise/sessions/new.html.erb within layouts/application (3.7ms)
Completed 200 OK in 139ms (Views: 72.1ms | ActiveRecord: 0.0ms)


Started POST "/users/sign_in" for 127.0.0.1 at 2017-04-25 07:10:25 -0700
Processing by Devise::SessionsController#create as HTML
  Parameters: {"utf8"=>"✓", "authenticity_token"=>"pqXrWfGM84O6yHMhnJaNdCXfUKs+UO+LWyLFHbCgvl8=", "user"=>{"email"=>"cstahmer@ucdavis.edu", "password"=>"[FILTERED]", "remember_me"=>"1"}, "commit"=>"Sign in"}
  [1m[35mUser Load (0.3ms)[0m  SELECT  `users`.* FROM `users`  WHERE `users`.`email` = 'cstahmer@ucdavis.edu'  ORDER BY `users`.`id` ASC LIMIT 1
  [1m[36m (0.2ms)[0m  [1mBEGIN[0m
  [1m[35mSQL (5.2ms)[0m  UPDATE `users` SET `remember_created_at` = '2017-04-25 14:10:25', `updated_at` = '2017-04-25 14:10:25' WHERE `users`.`id` = 4
  [1m[36m (2.2ms)[0m  [1mCOMMIT[0m
  [1m[35m (0.1ms)[0m  BEGIN
  [1m[36mSQL (1.5ms)[0m  [1mUPDATE `users` SET `current_sign_in_at` = '2017-04-25 14:10:25', `current_sign_in_ip` = '127.0.0.1', `last_sign_in_at` = '2017-04-25 14:10:25', `last_sign_in_ip` = '127.0.0.1', `sign_in_count` = 1, `updated_at` = '2017-04-25 14:10:25' WHERE `users`.`id` = 4[0m
  [1m[35m (0.6ms)[0m  COMMIT
Redirected to http://localhost:3000/
Completed 302 Found in 94ms (ActiveRecord: 10.1ms)


Started GET "/" for 127.0.0.1 at 2017-04-25 07:10:25 -0700
Processing by HomeController#index as HTML
  [1m[36mUser Load (0.3ms)[0m  [1mSELECT  `users`.* FROM `users`  WHERE `users`.`id` = 4  ORDER BY `users`.`id` ASC LIMIT 1[0m
  Rendered home/_tabs.html.erb (3.0ms)
  Rendered home/index.html.erb within layouts/application (3.5ms)
Completed 200 OK in 103ms (Views: 66.8ms | ActiveRecord: 0.3ms)


Started POST "/" for 127.0.0.1 at 2017-04-25 07:10:32 -0700
Processing by HomeController#index as */*
  Parameters: {"tab"=>"indexing", "authenticity_token"=>"jPt6C+ITIT12erg6IFcfDgtZZb54Cln8xYaw2MckrXI="}
  [1m[35mUser Load (0.3ms)[0m  SELECT  `users`.* FROM `users`  WHERE `users`.`id` = 4  ORDER BY `users`.`id` ASC LIMIT 1
  Rendered home/_instructions.html.erb (0.9ms)
  Rendered home/_tabs.html.erb (9.7ms)
Completed 200 OK in 51ms (Views: 12.3ms | ActiveRecord: 0.3ms)


Started GET "/archives" for 127.0.0.1 at 2017-04-25 09:06:37 -0700
Processing by ArchivesController#index as HTML
  [1m[36mArchive Load (0.2ms)[0m  [1mSELECT `archives`.* FROM `archives`  WHERE `archives`.`typ` = 'node'[0m
  [1m[35mArchive Load (0.2ms)[0m  SELECT `archives`.* FROM `archives`  WHERE `archives`.`typ` = 'archive'
Completed 500 Internal Server Error in 30ms

SolrException (RSolr::Error::Http - 404 Not Found
Error:     Not Found

URI: http://localhost:8983/solr/resources/select?wt=ruby
Request Headers: {"Content-Type"=>"application/x-www-form-urlencoded; charset=UTF-8"}
Request Data: "q=*%3A*&rows=1&facet=true&facet.field=archive&facet.mincount=1&facet.limit=-1&facet.missing=true&version=2.2&defType=edismax"

Backtrace: /Users/cstahmer/.rvm/gems/ruby-2.1.1@catalog21/gems/rsolr-1.0.12/lib/rsolr/client.rb:284:in `adapt_response'
/Users/cstahmer/.rvm/gems/ruby-2.1.1@catalog21/gems/rsolr-1.0.12/lib/rsolr/client.rb:190:in `execute'
/Users/cstahmer/.rvm/gems/ruby-2.1.1@catalog21/gems/rsolr-1.0.12/lib/rsolr/client.rb:176:in `send_and_receive'
(eval):2:in `post'
/RAILS-ROOT/estc21/catalog21/app/models/solr.rb:98:in `select'
/RAILS-ROOT/estc21/catalog21/app/models/solr.rb:151:in `get_facet_list'
/RAILS-ROOT/estc21/catalog21/app/models/solr.rb:170:in `get_archive_list'
/RAILS-ROOT/estc21/catalog21/app/models/archive.rb:50:in `compare_to_solr'
/RAILS-ROOT/estc21/catalog21/app/controllers/archives_controller.rb:13:in `facets'
/RAILS-ROOT/estc21/catalog21/app/controllers/archives_controller.rb:48:in `block (2 levels) in index'
/Users/cstahmer/.rvm/gems/ruby-2.1.1@catalog21/gems/actionpack-4.1.5/lib/action_controller/metal/mime_responds.rb:258:in `call'):
  app/models/solr.rb:102:in `rescue in select'
  app/models/solr.rb:92:in `select'
  app/models/solr.rb:151:in `get_facet_list'
  app/models/solr.rb:170:in `get_archive_list'
  app/models/archive.rb:50:in `compare_to_solr'
  app/controllers/archives_controller.rb:13:in `facets'
  app/controllers/archives_controller.rb:48:in `block (2 levels) in index'
  app/controllers/archives_controller.rb:46:in `index'
  config/initializers/quiet_assets.rb:6:in `call_with_quiet_assets'


  Rendered /Users/cstahmer/.rvm/gems/ruby-2.1.1@catalog21/gems/actionpack-4.1.5/lib/action_dispatch/middleware/templates/rescues/_source.erb (0.8ms)
  Rendered /Users/cstahmer/.rvm/gems/ruby-2.1.1@catalog21/gems/actionpack-4.1.5/lib/action_dispatch/middleware/templates/rescues/_trace.html.erb (2.1ms)
  Rendered /Users/cstahmer/.rvm/gems/ruby-2.1.1@catalog21/gems/actionpack-4.1.5/lib/action_dispatch/middleware/templates/rescues/_request_and_response.html.erb (1.0ms)
  Rendered /Users/cstahmer/.rvm/gems/ruby-2.1.1@catalog21/gems/actionpack-4.1.5/lib/action_dispatch/middleware/templates/rescues/diagnostics.erb within rescues/layout (20.3ms)


Started GET "/" for 127.0.0.1 at 2017-05-12 06:48:17 -0700
  [1m[36mActiveRecord::SchemaMigration Load (3.2ms)[0m  [1mSELECT `schema_migrations`.* FROM `schema_migrations`[0m
Processing by HomeController#index as HTML
  Rendered home/_tabs.html.erb (14.3ms)
  Rendered home/index.html.erb within layouts/application (19.9ms)
Completed 200 OK in 203ms (Views: 156.8ms | ActiveRecord: 0.0ms)


Started POST "/" for 127.0.0.1 at 2017-05-12 06:48:23 -0700
Processing by HomeController#index as */*
  Parameters: {"tab"=>"search", "authenticity_token"=>"HCPjxrer34i63F6Gy/HX6sYiL147WWh7cCpEQY8gQsc="}
  Rendered home/_params.html.erb (2.2ms)
  Rendered home/_tabs.html.erb (9.0ms)
Completed 200 OK in 54ms (Views: 12.9ms | ActiveRecord: 0.0ms)


Started POST "/" for 127.0.0.1 at 2017-05-12 06:48:28 -0700
Processing by HomeController#index as */*
  Parameters: {"tab"=>"uri", "authenticity_token"=>"HCPjxrer34i63F6Gy/HX6sYiL147WWh7cCpEQY8gQsc="}
  Rendered home/_params.html.erb (0.1ms)
  Rendered home/_tabs.html.erb (4.3ms)
Completed 200 OK in 47ms (Views: 6.6ms | ActiveRecord: 0.0ms)


Started GET "/users/sign_in" for 127.0.0.1 at 2017-05-12 06:48:31 -0700
Processing by Devise::SessionsController#new as HTML
  Rendered devise/shared/_links.erb (1.2ms)
  Rendered devise/sessions/new.html.erb within layouts/application (32.6ms)
Completed 200 OK in 108ms (Views: 94.9ms | ActiveRecord: 2.8ms)


Started POST "/users/sign_in" for 127.0.0.1 at 2017-05-12 06:48:39 -0700
Processing by Devise::SessionsController#create as HTML
  Parameters: {"utf8"=>"✓", "authenticity_token"=>"HCPjxrer34i63F6Gy/HX6sYiL147WWh7cCpEQY8gQsc=", "user"=>{"email"=>"cstahmer@ucdavis.edu", "password"=>"[FILTERED]", "remember_me"=>"1"}, "commit"=>"Sign in"}
  [1m[35mUser Load (0.9ms)[0m  SELECT  `users`.* FROM `users`  WHERE `users`.`email` = 'cstahmer@ucdavis.edu'  ORDER BY `users`.`id` ASC LIMIT 1
Completed 401 Unauthorized in 70ms
Processing by Devise::SessionsController#new as HTML
  Parameters: {"utf8"=>"✓", "authenticity_token"=>"HCPjxrer34i63F6Gy/HX6sYiL147WWh7cCpEQY8gQsc=", "user"=>{"email"=>"cstahmer@ucdavis.edu", "password"=>"[FILTERED]", "remember_me"=>"1"}, "commit"=>"Sign in"}
  Rendered devise/shared/_links.erb (0.3ms)
  Rendered devise/sessions/new.html.erb within layouts/application (3.9ms)
Completed 200 OK in 151ms (Views: 82.2ms | ActiveRecord: 0.0ms)


Started POST "/users/sign_in" for 127.0.0.1 at 2017-05-12 06:48:46 -0700
Processing by Devise::SessionsController#create as HTML
  Parameters: {"utf8"=>"✓", "authenticity_token"=>"HCPjxrer34i63F6Gy/HX6sYiL147WWh7cCpEQY8gQsc=", "user"=>{"email"=>"cstahmer@gmail.com", "password"=>"[FILTERED]", "remember_me"=>"1"}, "commit"=>"Sign in"}
  [1m[36mUser Load (0.2ms)[0m  [1mSELECT  `users`.* FROM `users`  WHERE `users`.`email` = 'cstahmer@gmail.com'  ORDER BY `users`.`id` ASC LIMIT 1[0m
Completed 401 Unauthorized in 2ms
Processing by Devise::SessionsController#new as HTML
  Parameters: {"utf8"=>"✓", "authenticity_token"=>"HCPjxrer34i63F6Gy/HX6sYiL147WWh7cCpEQY8gQsc=", "user"=>{"email"=>"cstahmer@gmail.com", "password"=>"[FILTERED]", "remember_me"=>"1"}, "commit"=>"Sign in"}
  Rendered devise/shared/_links.erb (0.3ms)
  Rendered devise/sessions/new.html.erb within layouts/application (4.2ms)
Completed 200 OK in 151ms (Views: 85.4ms | ActiveRecord: 0.0ms)


Started POST "/users/sign_in" for 127.0.0.1 at 2017-05-12 06:49:20 -0700
Processing by Devise::SessionsController#create as HTML
  Parameters: {"utf8"=>"✓", "authenticity_token"=>"HCPjxrer34i63F6Gy/HX6sYiL147WWh7cCpEQY8gQsc=", "user"=>{"email"=>"admin@example.com", "password"=>"[FILTERED]", "remember_me"=>"1"}, "commit"=>"Sign in"}
  [1m[35mUser Load (0.3ms)[0m  SELECT  `users`.* FROM `users`  WHERE `users`.`email` = 'admin@example.com'  ORDER BY `users`.`id` ASC LIMIT 1
Completed 401 Unauthorized in 65ms
Processing by Devise::SessionsController#new as HTML
  Parameters: {"utf8"=>"✓", "authenticity_token"=>"HCPjxrer34i63F6Gy/HX6sYiL147WWh7cCpEQY8gQsc=", "user"=>{"email"=>"admin@example.com", "password"=>"[FILTERED]", "remember_me"=>"1"}, "commit"=>"Sign in"}
  Rendered devise/shared/_links.erb (0.3ms)
  Rendered devise/sessions/new.html.erb within layouts/application (3.2ms)
Completed 200 OK in 143ms (Views: 77.1ms | ActiveRecord: 0.0ms)


Started POST "/users/sign_in" for 127.0.0.1 at 2017-05-12 06:49:32 -0700
Processing by Devise::SessionsController#create as HTML
  Parameters: {"utf8"=>"✓", "authenticity_token"=>"HCPjxrer34i63F6Gy/HX6sYiL147WWh7cCpEQY8gQsc=", "user"=>{"email"=>"admin1@example.com", "password"=>"[FILTERED]", "remember_me"=>"1"}, "commit"=>"Sign in"}
  [1m[36mUser Load (0.3ms)[0m  [1mSELECT  `users`.* FROM `users`  WHERE `users`.`email` = 'admin1@example.com'  ORDER BY `users`.`id` ASC LIMIT 1[0m
Completed 401 Unauthorized in 67ms
Processing by Devise::SessionsController#new as HTML
  Parameters: {"utf8"=>"✓", "authenticity_token"=>"HCPjxrer34i63F6Gy/HX6sYiL147WWh7cCpEQY8gQsc=", "user"=>{"email"=>"admin1@example.com", "password"=>"[FILTERED]", "remember_me"=>"1"}, "commit"=>"Sign in"}
  Rendered devise/shared/_links.erb (0.3ms)
  Rendered devise/sessions/new.html.erb within layouts/application (3.5ms)
Completed 200 OK in 138ms (Views: 72.3ms | ActiveRecord: 0.0ms)


Started POST "/users/sign_in" for 127.0.0.1 at 2017-05-12 06:49:40 -0700
Processing by Devise::SessionsController#create as HTML
  Parameters: {"utf8"=>"✓", "authenticity_token"=>"HCPjxrer34i63F6Gy/HX6sYiL147WWh7cCpEQY8gQsc=", "user"=>{"email"=>"admin2@example.com", "password"=>"[FILTERED]", "remember_me"=>"1"}, "commit"=>"Sign in"}
  [1m[35mUser Load (0.3ms)[0m  SELECT  `users`.* FROM `users`  WHERE `users`.`email` = 'admin2@example.com'  ORDER BY `users`.`id` ASC LIMIT 1
  [1m[36m (0.1ms)[0m  [1mBEGIN[0m
  [1m[35mSQL (0.3ms)[0m  UPDATE `users` SET `remember_created_at` = '2017-05-12 13:49:40', `updated_at` = '2017-05-12 13:49:40' WHERE `users`.`id` = 3
  [1m[36m (0.4ms)[0m  [1mCOMMIT[0m
  [1m[35m (0.1ms)[0m  BEGIN
  [1m[36mSQL (1.3ms)[0m  [1mUPDATE `users` SET `current_sign_in_at` = '2017-05-12 13:49:40', `sign_in_count` = 2, `updated_at` = '2017-05-12 13:49:40' WHERE `users`.`id` = 3[0m
  [1m[35m (0.4ms)[0m  COMMIT
Redirected to http://localhost:3001/
Completed 302 Found in 82ms (ActiveRecord: 2.9ms)


Started GET "/" for 127.0.0.1 at 2017-05-12 06:49:40 -0700
Processing by HomeController#index as HTML
  [1m[36mUser Load (0.3ms)[0m  [1mSELECT  `users`.* FROM `users`  WHERE `users`.`id` = 3  ORDER BY `users`.`id` ASC LIMIT 1[0m
  Rendered home/_tabs.html.erb (3.2ms)
  Rendered home/index.html.erb within layouts/application (3.8ms)
Completed 200 OK in 112ms (Views: 75.4ms | ActiveRecord: 0.3ms)


Started POST "/" for 127.0.0.1 at 2017-05-12 06:49:55 -0700
Processing by HomeController#index as */*
  Parameters: {"tab"=>"totals", "authenticity_token"=>"RFnALL174ltHd2w43b8o8qIYLzsThJm0+458okv6+ZU="}
  [1m[35mUser Load (0.3ms)[0m  SELECT  `users`.* FROM `users`  WHERE `users`.`id` = 3  ORDER BY `users`.`id` ASC LIMIT 1
  Rendered home/_tabs.html.erb (3.0ms)
Completed 200 OK in 45ms (Views: 5.2ms | ActiveRecord: 0.3ms)


Started GET "/search/totals" for 127.0.0.1 at 2017-05-12 06:49:59 -0700
Processing by SearchController#totals as HTML
*** SOLR: [resources] q=*:*&rows=1&facet=true&facet.field=federation&facet.mincount=1&facet.limit=-1&facet.missing=true&version=2.2&defType=edismax
*** SOLR: [resources] q=federation:ESTC&rows=1&facet=true&facet.field=archive&facet.mincount=1&facet.limit=-1&facet.missing=true&version=2.2&defType=edismax
  Rendered search/totals.html.erb within layouts/application (4.0ms)
Completed 200 OK in 357ms (Views: 70.3ms | ActiveRecord: 0.0ms)


Started GET "/?tab=totals" for 127.0.0.1 at 2017-05-12 06:50:05 -0700
Processing by HomeController#index as HTML
  Parameters: {"tab"=>"totals"}
  [1m[36mUser Load (0.3ms)[0m  [1mSELECT  `users`.* FROM `users`  WHERE `users`.`id` = 3  ORDER BY `users`.`id` ASC LIMIT 1[0m
  Rendered home/_tabs.html.erb (3.0ms)
  Rendered home/index.html.erb within layouts/application (3.6ms)
Completed 200 OK in 121ms (Views: 81.0ms | ActiveRecord: 0.3ms)


Started GET "/search/totals" for 127.0.0.1 at 2017-05-12 06:50:11 -0700
Processing by SearchController#totals as HTML
*** SOLR: [resources] q=*:*&rows=1&facet=true&facet.field=federation&facet.mincount=1&facet.limit=-1&facet.missing=true&version=2.2&defType=edismax
*** SOLR: [resources] q=federation:ESTC&rows=1&facet=true&facet.field=archive&facet.mincount=1&facet.limit=-1&facet.missing=true&version=2.2&defType=edismax
  Rendered search/totals.html.erb within layouts/application (0.8ms)
Completed 200 OK in 129ms (Views: 76.7ms | ActiveRecord: 0.0ms)


Started POST "/" for 127.0.0.1 at 2017-05-12 06:50:17 -0700
Processing by HomeController#index as */*
  Parameters: {"tab"=>"search", "authenticity_token"=>"RFnALL174ltHd2w43b8o8qIYLzsThJm0+458okv6+ZU="}
  [1m[35mUser Load (0.3ms)[0m  SELECT  `users`.* FROM `users`  WHERE `users`.`id` = 3  ORDER BY `users`.`id` ASC LIMIT 1
  Rendered home/_params.html.erb (2.1ms)
  Rendered home/_tabs.html.erb (7.1ms)
Completed 200 OK in 47ms (Views: 9.2ms | ActiveRecord: 0.3ms)


Started GET "/search?q=%2btree&aut=%2bWilliams" for 127.0.0.1 at 2017-05-12 06:50:24 -0700
Processing by SearchController#index as HTML
  Parameters: {"q"=>"+tree", "aut"=>"+Williams"}
  [1m[36mWhiteList Load (0.2ms)[0m  [1mSELECT `white_lists`.* FROM `white_lists`  WHERE `white_lists`.`ip` = '127.0.0.1'[0m
  [1m[35mFederation Load (0.2ms)[0m  SELECT  `federations`.* FROM `federations`  WHERE `federations`.`ip` = '127.0.0.1' LIMIT 1
*** SOLR: [resources] q=+tree&fq=+williams&start=0&rows=30&facet=true&facet.field=genre&facet.field={!ex=arch}archive&facet.field=freeculture&facet.field=has_full_text&facet.field={!ex=fed}federation&facet.field=typewright&facet.field=doc_type&facet.field=discipline&facet.field=role&facet.mincount=1&facet.limit=-1&facet.missing=true&fl=uri archive date_label year genre source image thumbnail title alternative url role_ART role_AUT role_EDT role_PBL role_TRL role_EGR role_ETR role_CRE role_OWN freeculture is_ocr federation has_full_text source_xml provenance discipline typewright role_ARC role_BND role_BKD role_BKP role_CLL role_CTG role_COL role_CLR role_CWT role_COM role_CMT role_DUB role_FAC role_ILU role_ILL role_LTG role_PRT role_POP role_PRM role_RPS role_RBR role_SCR role_SCL role_TYD role_TYG role_WDE role_WDC role_BRD role_CNG role_CND role_DRT role_IVR role_IVE role_OWN role_FMO role_PRF role_PRO role_PRN has_pages hasPart isPartOf decade quarter_century half_century century subject digital_surrogats hasInstance instanceof description coverage&version=2.2&defType=edismax
  Rendered search/index.html.erb within layouts/application (5.3ms)
Completed 200 OK in 168ms (Views: 79.2ms | ActiveRecord: 10.3ms)


Started GET "/" for 127.0.0.1 at 2017-05-12 06:50:49 -0700
Processing by HomeController#index as HTML
  [1m[36mUser Load (0.3ms)[0m  [1mSELECT  `users`.* FROM `users`  WHERE `users`.`id` = 3  ORDER BY `users`.`id` ASC LIMIT 1[0m
  Rendered home/_tabs.html.erb (3.0ms)
  Rendered home/index.html.erb within layouts/application (3.6ms)
Completed 200 OK in 110ms (Views: 74.4ms | ActiveRecord: 0.3ms)


Started POST "/" for 127.0.0.1 at 2017-05-12 06:50:51 -0700
Processing by HomeController#index as */*
  Parameters: {"tab"=>"autocomplete", "authenticity_token"=>"RFnALL174ltHd2w43b8o8qIYLzsThJm0+458okv6+ZU="}
  [1m[35mUser Load (0.3ms)[0m  SELECT  `users`.* FROM `users`  WHERE `users`.`id` = 3  ORDER BY `users`.`id` ASC LIMIT 1
  Rendered home/_params.html.erb (1.8ms)
  Rendered home/_tabs.html.erb (7.5ms)
Completed 200 OK in 49ms (Views: 9.9ms | ActiveRecord: 0.3ms)


Started GET "/search/autocomplete?frag=tre&max=25" for 127.0.0.1 at 2017-05-12 06:51:00 -0700
Processing by SearchController#autocomplete as HTML
  Parameters: {"frag"=>"tre", "max"=>"25"}
  [1m[36mWhiteList Load (0.2ms)[0m  [1mSELECT `white_lists`.* FROM `white_lists`  WHERE `white_lists`.`ip` = '127.0.0.1'[0m
  [1m[35mFederation Load (0.1ms)[0m  SELECT  `federations`.* FROM `federations`  WHERE `federations`.`ip` = '127.0.0.1' LIMIT 1
**** ERROR: RSolr::Error::Http - 400 Bad Request
Error: {'responseHeader'=>{'status'=>400,'QTime'=>1,'params'=>{'facet.field'=>'content_ascii','start'=>'0','facet.missing'=>'false','rows'=>'0','version'=>'2.2','facet.limit'=>'-1','q'=>'*:*','defType'=>'edismax','facet.prefix'=>'tre','facet.method'=>'enum','facet.mincount'=>'1','wt'=>'ruby','facet'=>'true'}},'response'=>{'numFound'=>4050531,'start'=>0,'docs'=>[]},'error'=>{'msg'=>'undefined field: "content_ascii"','code'=>400}}

URI: http://localhost:8983/solr/resources/select?wt=ruby
Request Headers: {"Content-Type"=>"application/x-www-form-urlencoded; charset=UTF-8"}
Request Data: "&start=0&rows=0&facet=true&facet.field=content_ascii&facet.mincount=1&facet.limit=-1&facet.method=enum&facet.prefix=tre&facet.missing=false&version=2.2&defType=edismax&q=*%3A*"


  Rendered home/error.html.erb within layouts/application (1.1ms)
Completed 500 Internal Server Error in 96ms (Views: 75.6ms | ActiveRecord: 0.4ms)


Started GET "/?tab=autocomplete" for 127.0.0.1 at 2017-05-12 06:51:16 -0700
Processing by HomeController#index as HTML
  Parameters: {"tab"=>"autocomplete"}
  [1m[36mUser Load (0.3ms)[0m  [1mSELECT  `users`.* FROM `users`  WHERE `users`.`id` = 3  ORDER BY `users`.`id` ASC LIMIT 1[0m
  Rendered home/_params.html.erb (1.9ms)
  Rendered home/_tabs.html.erb (5.6ms)
  Rendered home/index.html.erb within layouts/application (6.4ms)
Completed 200 OK in 114ms (Views: 78.3ms | ActiveRecord: 0.3ms)


Started POST "/" for 127.0.0.1 at 2017-05-12 06:51:36 -0700
Processing by HomeController#index as */*
  Parameters: {"tab"=>"uri", "authenticity_token"=>"RFnALL174ltHd2w43b8o8qIYLzsThJm0+458okv6+ZU="}
  [1m[35mUser Load (0.2ms)[0m  SELECT  `users`.* FROM `users`  WHERE `users`.`id` = 3  ORDER BY `users`.`id` ASC LIMIT 1
  Rendered home/_params.html.erb (0.1ms)
  Rendered home/_tabs.html.erb (4.8ms)
Completed 200 OK in 48ms (Views: 6.7ms | ActiveRecord: 0.2ms)


Started GET "/search/details?uri=http%3a%2f%2fwww%2ewhitmanarchive%2eorg%2fcriticism%2freviews%2fleaves%2fleaves55%2fdailytimes" for 127.0.0.1 at 2017-05-12 06:51:39 -0700
Processing by SearchController#details as HTML
  Parameters: {"uri"=>"http://www.whitmanarchive.org/criticism/reviews/leaves/leaves55/dailytimes"}
  [1m[36mWhiteList Load (0.2ms)[0m  [1mSELECT `white_lists`.* FROM `white_lists`  WHERE `white_lists`.`ip` = '127.0.0.1'[0m
  [1m[35mFederation Load (0.2ms)[0m  SELECT  `federations`.* FROM `federations`  WHERE `federations`.`ip` = '127.0.0.1' LIMIT 1
**** ERROR: Unknown parameter: o
  Rendered home/error.html.erb within layouts/application (0.6ms)
Completed 400 Bad Request in 70ms (Views: 66.5ms | ActiveRecord: 0.5ms)


Started GET "/?tab=uri" for 127.0.0.1 at 2017-05-12 06:51:45 -0700
Processing by HomeController#index as HTML
  Parameters: {"tab"=>"uri"}
  [1m[36mUser Load (0.3ms)[0m  [1mSELECT  `users`.* FROM `users`  WHERE `users`.`id` = 3  ORDER BY `users`.`id` ASC LIMIT 1[0m
  Rendered home/_params.html.erb (0.1ms)
  Rendered home/_tabs.html.erb (3.8ms)
  Rendered home/index.html.erb within layouts/application (4.3ms)
Completed 200 OK in 118ms (Views: 80.7ms | ActiveRecord: 0.3ms)


Started POST "/" for 127.0.0.1 at 2017-05-12 06:51:47 -0700
Processing by HomeController#index as */*
  Parameters: {"tab"=>"meta", "authenticity_token"=>"RFnALL174ltHd2w43b8o8qIYLzsThJm0+458okv6+ZU="}
  [1m[35mUser Load (0.3ms)[0m  SELECT  `users`.* FROM `users`  WHERE `users`.`id` = 3  ORDER BY `users`.`id` ASC LIMIT 1
  Rendered home/_tabs.html.erb (3.1ms)
Completed 200 OK in 47ms (Views: 5.5ms | ActiveRecord: 0.3ms)


Started GET "/archives" for 127.0.0.1 at 2017-05-12 06:51:50 -0700
Processing by ArchivesController#index as HTML
  [1m[36mArchive Load (0.2ms)[0m  [1mSELECT `archives`.* FROM `archives`  WHERE `archives`.`typ` = 'node'[0m
  [1m[35mArchive Load (0.1ms)[0m  SELECT `archives`.* FROM `archives`  WHERE `archives`.`typ` = 'archive'
*** SOLR: [resources] q=*:*&rows=1&facet=true&facet.field=archive&facet.mincount=1&facet.limit=-1&facet.missing=true&version=2.2&defType=edismax
  [1m[36mCACHE (0.0ms)[0m  [1mSELECT `archives`.* FROM `archives`  WHERE `archives`.`typ` = 'archive'[0m
  [1m[35mCACHE (0.0ms)[0m  SELECT `archives`.* FROM `archives`  WHERE `archives`.`typ` = 'archive'
  [1m[36mUser Load (0.3ms)[0m  [1mSELECT  `users`.* FROM `users`  WHERE `users`.`id` = 3  ORDER BY `users`.`id` ASC LIMIT 1[0m
  Rendered archives/_facet_tree_one_branch.html.erb (1.2ms)
  Rendered archives/_edit_site_list.html.erb (5.8ms)
  Rendered archives/index.html.erb within layouts/application (8.1ms)
Completed 200 OK in 122ms (Views: 75.2ms | ActiveRecord: 5.3ms)


Started GET "/archives/estcstar/edit" for 127.0.0.1 at 2017-05-12 06:52:09 -0700
Processing by ArchivesController#edit as */*
  Parameters: {"id"=>"estcstar"}
  [1m[35mUser Load (0.3ms)[0m  SELECT  `users`.* FROM `users`  WHERE `users`.`id` = 3  ORDER BY `users`.`id` ASC LIMIT 1
  [1m[36mArchive Load (0.2ms)[0m  [1mSELECT `archives`.* FROM `archives`  WHERE `archives`.`typ` = 'node'[0m
Completed 200 OK in 3ms (Views: 0.3ms | ActiveRecord: 0.5ms)


Started GET "/" for 127.0.0.1 at 2017-05-12 06:52:25 -0700
Processing by HomeController#index as HTML
  [1m[35mUser Load (0.3ms)[0m  SELECT  `users`.* FROM `users`  WHERE `users`.`id` = 3  ORDER BY `users`.`id` ASC LIMIT 1
  Rendered home/_tabs.html.erb (3.5ms)
  Rendered home/index.html.erb within layouts/application (4.0ms)
Completed 200 OK in 119ms (Views: 81.4ms | ActiveRecord: 0.2ms)


Started POST "/" for 127.0.0.1 at 2017-05-12 06:52:29 -0700
Processing by HomeController#index as */*
  Parameters: {"tab"=>"exhibits", "authenticity_token"=>"RFnALL174ltHd2w43b8o8qIYLzsThJm0+458okv6+ZU="}
  [1m[36mUser Load (0.2ms)[0m  [1mSELECT  `users`.* FROM `users`  WHERE `users`.`id` = 3  ORDER BY `users`.`id` ASC LIMIT 1[0m
  Rendered home/_tabs.html.erb (2.5ms)
Completed 200 OK in 43ms (Views: 4.8ms | ActiveRecord: 0.2ms)


Started POST "/" for 127.0.0.1 at 2017-05-12 06:52:31 -0700
Processing by HomeController#index as */*
  Parameters: {"tab"=>"user_content", "authenticity_token"=>"RFnALL174ltHd2w43b8o8qIYLzsThJm0+458okv6+ZU="}
  [1m[35mUser Load (0.3ms)[0m  SELECT  `users`.* FROM `users`  WHERE `users`.`id` = 3  ORDER BY `users`.`id` ASC LIMIT 1
  Rendered home/_params.html.erb (0.3ms)
  Rendered home/_tabs.html.erb (6.2ms)
Completed 200 OK in 49ms (Views: 8.6ms | ActiveRecord: 0.3ms)


Started GET "/locals?q=%2brossetti&section=community&object_type=Exhibit&federation=NINES" for 127.0.0.1 at 2017-05-12 06:52:36 -0700
Processing by LocalsController#index as HTML
  Parameters: {"q"=>"+rossetti", "section"=>"community", "object_type"=>"Exhibit", "federation"=>"NINES"}
  [1m[36mFederation Load (0.3ms)[0m  [1mSELECT  `federations`.* FROM `federations`  WHERE `federations`.`name` = 'NINES' LIMIT 1[0m
**** ERROR: You do not have permission to do this.
  Rendered home/error.html.erb within layouts/application (0.6ms)
Completed 401 Unauthorized in 80ms (Views: 78.4ms | ActiveRecord: 0.3ms)


Started GET "/?tab=user_content" for 127.0.0.1 at 2017-05-12 06:52:42 -0700
Processing by HomeController#index as HTML
  Parameters: {"tab"=>"user_content"}
  [1m[35mUser Load (0.3ms)[0m  SELECT  `users`.* FROM `users`  WHERE `users`.`id` = 3  ORDER BY `users`.`id` ASC LIMIT 1
  Rendered home/_params.html.erb (0.4ms)
  Rendered home/_tabs.html.erb (5.4ms)
  Rendered home/index.html.erb within layouts/application (6.3ms)
Completed 200 OK in 121ms (Views: 82.3ms | ActiveRecord: 0.3ms)


Started POST "/" for 127.0.0.1 at 2017-05-12 06:52:45 -0700
Processing by HomeController#index as */*
  Parameters: {"tab"=>"indexing", "authenticity_token"=>"RFnALL174ltHd2w43b8o8qIYLzsThJm0+458okv6+ZU="}
  [1m[36mUser Load (0.2ms)[0m  [1mSELECT  `users`.* FROM `users`  WHERE `users`.`id` = 3  ORDER BY `users`.`id` ASC LIMIT 1[0m
  Rendered home/_instructions.html.erb (0.8ms)
  Rendered home/_tabs.html.erb (6.8ms)
Completed 200 OK in 46ms (Views: 8.9ms | ActiveRecord: 0.2ms)


Started GET "/" for 127.0.0.1 at 2017-05-12 07:05:58 -0700
  [1m[36mActiveRecord::SchemaMigration Load (0.2ms)[0m  [1mSELECT `schema_migrations`.* FROM `schema_migrations`[0m
Processing by HomeController#index as HTML
  [1m[35mUser Load (0.3ms)[0m  SELECT  `users`.* FROM `users`  WHERE `users`.`id` = 3  ORDER BY `users`.`id` ASC LIMIT 1
  Rendered home/_tabs.html.erb (27.8ms)
  Rendered home/index.html.erb within layouts/application (30.8ms)
Completed 200 OK in 192ms (Views: 144.0ms | ActiveRecord: 2.9ms)
